[2018-11-12 10:57:43.740] [exthost1] [info] extension host started
[2018-11-12 10:57:44.015] [exthost1] [info] ExtensionService#_doActivateExtension vscode.debug-auto-launch {"startup":true,"activationEvent":"*"}
[2018-11-12 10:57:44.015] [exthost1] [info] ExtensionService#loadCommonJSModule c:\Users\Marti\.codemix\engine\resources\app\extensions\debug-auto-launch\out\extension
[2018-11-12 10:57:45.069] [exthost1] [info] ExtensionService#_doActivateExtension vscode.emmet {"startup":true,"activationEvent":"*"}
[2018-11-12 10:57:45.070] [exthost1] [info] ExtensionService#loadCommonJSModule c:\Users\Marti\.codemix\engine\resources\app\extensions\emmet\dist\extension
[2018-11-12 10:57:46.111] [exthost1] [info] ExtensionService#_doActivateExtension vscode.merge-conflict {"startup":true,"activationEvent":"*"}
[2018-11-12 10:57:46.111] [exthost1] [info] ExtensionService#loadCommonJSModule c:\Users\Marti\.codemix\engine\resources\app\extensions\merge-conflict\out\extension
[2018-11-12 10:57:51.723] [exthost1] [info] ExtensionService#_doActivateExtension vscode.search-rg {"startup":true,"activationEvent":"*"}
[2018-11-12 10:57:51.723] [exthost1] [info] ExtensionService#loadCommonJSModule c:\Users\Marti\.codemix\engine\resources\app\extensions\search-rg\out\extension
[2018-11-12 10:57:53.065] [exthost1] [info] eager extensions activated
[2018-11-12 10:57:53.696] [exthost1] [info] extension host started
[2018-11-12 10:57:53.934] [exthost1] [info] ExtensionService#_doActivateExtension vscode.debug-auto-launch {"startup":true,"activationEvent":"*"}
[2018-11-12 10:57:53.935] [exthost1] [info] ExtensionService#loadCommonJSModule c:\Users\Marti\.codemix\engine\resources\app\extensions\debug-auto-launch\out\extension
[2018-11-12 10:57:53.999] [exthost1] [info] ExtensionService#_doActivateExtension vscode.emmet {"startup":true,"activationEvent":"*"}
[2018-11-12 10:57:53.999] [exthost1] [info] ExtensionService#loadCommonJSModule c:\Users\Marti\.codemix\engine\resources\app\extensions\emmet\dist\extension
[2018-11-12 10:57:54.378] [exthost1] [info] ExtensionService#_doActivateExtension vscode.merge-conflict {"startup":true,"activationEvent":"*"}
[2018-11-12 10:57:54.378] [exthost1] [info] ExtensionService#loadCommonJSModule c:\Users\Marti\.codemix\engine\resources\app\extensions\merge-conflict\out\extension
[2018-11-12 10:57:54.552] [exthost1] [info] ExtensionService#_doActivateExtension vscode.search-rg {"startup":true,"activationEvent":"*"}
[2018-11-12 10:57:54.552] [exthost1] [info] ExtensionService#loadCommonJSModule c:\Users\Marti\.codemix\engine\resources\app\extensions\search-rg\out\extension
[2018-11-12 10:57:54.644] [exthost1] [info] eager extensions activated
[2018-11-12 10:57:54.645] [exthost1] [info] ExtensionService#_doActivateExtension vscode.grunt {"startup":false,"activationEvent":"onCommand:workbench.action.tasks.runTask"}
[2018-11-12 10:57:54.645] [exthost1] [info] ExtensionService#loadCommonJSModule c:\Users\Marti\.codemix\engine\resources\app\extensions\grunt\out\main
[2018-11-12 10:57:54.721] [exthost1] [info] ExtensionService#_doActivateExtension vscode.gulp {"startup":false,"activationEvent":"onCommand:workbench.action.tasks.runTask"}
[2018-11-12 10:57:54.721] [exthost1] [info] ExtensionService#loadCommonJSModule c:\Users\Marti\.codemix\engine\resources\app\extensions\gulp\out\main
[2018-11-12 10:57:54.741] [exthost1] [info] ExtensionService#_doActivateExtension vscode.jake {"startup":false,"activationEvent":"onCommand:workbench.action.tasks.runTask"}
[2018-11-12 10:57:54.741] [exthost1] [info] ExtensionService#loadCommonJSModule c:\Users\Marti\.codemix\engine\resources\app\extensions\jake\out\main
[2018-11-12 10:57:54.812] [exthost1] [info] ExtensionService#_doActivateExtension vscode.npm {"startup":false,"activationEvent":"onCommand:workbench.action.tasks.runTask"}
[2018-11-12 10:57:54.812] [exthost1] [info] ExtensionService#loadCommonJSModule c:\Users\Marti\.codemix\engine\resources\app\extensions\npm\out\main
[2018-11-12 10:57:57.841] [exthost1] [info] ExtensionService#_doActivateExtension vscode.typescript-language-features {"startup":false,"activationEvent":"onCommand:workbench.action.tasks.runTask"}
[2018-11-12 10:57:57.841] [exthost1] [info] ExtensionService#loadCommonJSModule c:\Users\Marti\.codemix\engine\resources\app\extensions\typescript-language-features\dist\extension
[2018-11-12 10:58:04.403] [exthost1] [info] ExtensionService#_doActivateExtension vscode.configuration-editing {"startup":false,"activationEvent":"onLanguage:jsonc"}
[2018-11-12 10:58:04.403] [exthost1] [info] ExtensionService#loadCommonJSModule c:\Users\Marti\.codemix\engine\resources\app\extensions\configuration-editing\out\extension
[2018-11-12 10:58:04.992] [exthost1] [info] ExtensionService#_doActivateExtension vscode.json-language-features {"startup":false,"activationEvent":"onLanguage:jsonc"}
[2018-11-12 10:58:04.992] [exthost1] [info] ExtensionService#loadCommonJSModule c:\Users\Marti\.codemix\engine\resources\app\extensions\json-language-features\client\dist\jsonMain
